13:52:58 **** Build of configuration Debug for project BallancingRobot_V2 ****
make -j12 all 
arm-none-eabi-gcc -o "BallancingRobot_V2.elf" @"objects.list"   -mcpu=cortex-m4 -T"D:\GithubRepo\Inzynierka_pliki\BallancingRobot_V2\STM32F411CEUX_FLASH.ld" --specs=nosys.specs -Wl,-Map="BallancingRobot_V2.map" -Wl,--gc-sections -static --specs=nano.specs -mfpu=fpv4-sp-d16 -mfloat-abi=hard -mthumb -u _printf_float -u _scanf_float -Wl,--start-group -lc -lm -Wl,--end-group
Finished building target: BallancingRobot_V2.elf
 
arm-none-eabi-size  BallancingRobot_V2.elf 
arm-none-eabi-objdump -h -S BallancingRobot_V2.elf  > "BallancingRobot_V2.list"
   text	   data	    bss	    dec	    hex	filename
  47120	    496	   2816	  50432	   c500	BallancingRobot_V2.elf
Finished building: default.size.stdout
 
Finished building: BallancingRobot_V2.list
 
14:39:16 **** Incremental Build of configuration Debug for project BallancingRobot_V1 ****
make -j12 all 
arm-none-eabi-gcc "../Core/Src/main.c" -mcpu=cortex-m4 -std=gnu11 -g3 -DDEBUG -DUSE_HAL_DRIVER -DSTM32F411xE -c -I../Core/Inc -I../Drivers/STM32F4xx_HAL_Driver/Inc -I../Drivers/STM32F4xx_HAL_Driver/Inc/Legacy -I../Drivers/CMSIS/Device/ST/STM32F4xx/Include -I../Drivers/CMSIS/Include -O0 -ffunction-sections -fdata-sections -Wall -fstack-usage -fcyclomatic-complexity -MMD -MP -MF"Core/Src/main.d" -MT"Core/Src/main.o" --specs=nano.specs -mfpu=fpv4-sp-d16 -mfloat-abi=hard -mthumb -o "Core/Src/main.o"
../Core/Src/main.c: In function 'AngleControl':
../Core/Src/main.c:358:9: warning: implicit declaration of function 'PID_Reset' [-Wimplicit-function-declaration]
  358 |         PID_Reset(&PidAngle);
      |         ^~~~~~~~~
../Core/Src/main.c:381:41: error: 'pid_output' undeclared (first use in this function); did you mean 'PidPwmOutput'?
  381 |     PwmPercent = MapValues(PwmMaxValue, pid_output);
      |                                         ^~~~~~~~~~
      |                                         PidPwmOutput
../Core/Src/main.c:381:41: note: each undeclared identifier is reported only once for each function it appears in
../Core/Src/main.c: In function 'TestMotorAndEncoderB':
../Core/Src/main.c:393:9: error: 'PidMotorBPidValue' undeclared (first use in this function)
  393 |         PidMotorBPidValue = PID_Compute(&PidMotorB, EncoderB.AngularVelocity, RobotState.SpeedTargetB); //obliczam wartość regulatora do uzyskania zadanej prędkości
      |         ^~~~~~~~~~~~~~~~~
../Core/Src/main.c:393:42: error: 'PidMotorB' undeclared (first use in this function); did you mean 'MotorB'?
  393 |         PidMotorBPidValue = PID_Compute(&PidMotorB, EncoderB.AngularVelocity, RobotState.SpeedTargetB); //obliczam wartość regulatora do uzyskania zadanej prędkości
      |                                          ^~~~~~~~~
      |                                          MotorB
../Core/Src/main.c:393:90: error: 'RobotState_t' has no member named 'SpeedTargetB'; did you mean 'SpeedTarget'?
  393 |         PidMotorBPidValue = PID_Compute(&PidMotorB, EncoderB.AngularVelocity, RobotState.SpeedTargetB); //obliczam wartość regulatora do uzyskania zadanej prędkości
      |                                                                                          ^~~~~~~~~~~~
      |                                                                                          SpeedTarget
../Core/Src/main.c:394:9: error: 'VelocityFromRegulator' undeclared (first use in this function)
  394 |         VelocityFromRegulator = RobotState.SpeedTargetB;
      |         ^~~~~~~~~~~~~~~~~~~~~
../Core/Src/main.c:394:44: error: 'RobotState_t' has no member named 'SpeedTargetB'; did you mean 'SpeedTarget'?
  394 |         VelocityFromRegulator = RobotState.SpeedTargetB;
      |                                            ^~~~~~~~~~~~
      |                                            SpeedTarget
../Core/Src/main.c:395:9: error: 'VelocityRead' undeclared (first use in this function)
  395 |         VelocityRead = EncoderB.AngularVelocity;
      |         ^~~~~~~~~~~~
../Core/Src/main.c: In function 'TestPidAngleB':
../Core/Src/main.c:424:20: error: 'RobotState_t' has no member named 'SpeedTargetB'; did you mean 'SpeedTarget'?
  424 |         RobotState.SpeedTargetB = 0.0f;
      |                    ^~~~~~~~~~~~
      |                    SpeedTarget
../Core/Src/main.c:425:20: error: 'RobotState_t' has no member named 'SpeedTargetA'; did you mean 'SpeedTarget'?
  425 |         RobotState.SpeedTargetA = 0.0f;
      |                    ^~~~~~~~~~~~
      |                    SpeedTarget
../Core/Src/main.c:428:20: error: 'RobotState_t' has no member named 'SpeedTargetB'; did you mean 'SpeedTarget'?
  428 |         RobotState.SpeedTargetB = -1 * PID_Compute(&PidAngle, RobotState.AnglePitch, RobotState.TargetAngle);   //-1 bo silniki nie naprawiają wychylenia, bardziej je zwiększają
      |                    ^~~~~~~~~~~~
      |                    SpeedTarget
../Core/Src/main.c: In function 'TestMotorAndEncoderA':
../Core/Src/main.c:435:9: error: 'PidMotorAPidValue' undeclared (first use in this function)
  435 |         PidMotorAPidValue = PID_Compute(&PidMotorA, EncoderA.AngularVelocity, RobotState.SpeedTargetB); //obliczam wartość regulatora do uzyskania zadanej prędkości
      |         ^~~~~~~~~~~~~~~~~
../Core/Src/main.c:435:42: error: 'PidMotorA' undeclared (first use in this function); did you mean 'MotorA'?
  435 |         PidMotorAPidValue = PID_Compute(&PidMotorA, EncoderA.AngularVelocity, RobotState.SpeedTargetB); //obliczam wartość regulatora do uzyskania zadanej prędkości
      |                                          ^~~~~~~~~
      |                                          MotorA
../Core/Src/main.c:435:90: error: 'RobotState_t' has no member named 'SpeedTargetB'; did you mean 'SpeedTarget'?
  435 |         PidMotorAPidValue = PID_Compute(&PidMotorA, EncoderA.AngularVelocity, RobotState.SpeedTargetB); //obliczam wartość regulatora do uzyskania zadanej prędkości
      |                                                                                          ^~~~~~~~~~~~
      |                                                                                          SpeedTarget
../Core/Src/main.c: In function 'MoveMotors':
../Core/Src/main.c:460:9: error: 'PidMotorAPidValue' undeclared (first use in this function)
  460 |         PidMotorAPidValue = PID_Compute(&PidMotorA, EncoderA.AngularVelocity, RobotState.SpeedTargetA); //obliczam wartość regulatora do uzyskania zadanej prędkości
      |         ^~~~~~~~~~~~~~~~~
../Core/Src/main.c:460:42: error: 'PidMotorA' undeclared (first use in this function); did you mean 'MotorA'?
  460 |         PidMotorAPidValue = PID_Compute(&PidMotorA, EncoderA.AngularVelocity, RobotState.SpeedTargetA); //obliczam wartość regulatora do uzyskania zadanej prędkości
      |                                          ^~~~~~~~~
      |                                          MotorA
../Core/Src/main.c:460:90: error: 'RobotState_t' has no member named 'SpeedTargetA'; did you mean 'SpeedTarget'?
  460 |         PidMotorAPidValue = PID_Compute(&PidMotorA, EncoderA.AngularVelocity, RobotState.SpeedTargetA); //obliczam wartość regulatora do uzyskania zadanej prędkości
      |                                                                                          ^~~~~~~~~~~~
      |                                                                                          SpeedTarget
../Core/Src/main.c:461:9: error: 'PidMotorBPidValue' undeclared (first use in this function)
  461 |         PidMotorBPidValue = PID_Compute(&PidMotorB, EncoderB.AngularVelocity, RobotState.SpeedTargetB); //obliczam wartość regulatora do uzyskania zadanej prędkości
      |         ^~~~~~~~~~~~~~~~~
../Core/Src/main.c:461:42: error: 'PidMotorB' undeclared (first use in this function); did you mean 'MotorB'?
  461 |         PidMotorBPidValue = PID_Compute(&PidMotorB, EncoderB.AngularVelocity, RobotState.SpeedTargetB); //obliczam wartość regulatora do uzyskania zadanej prędkości
      |                                          ^~~~~~~~~
      |                                          MotorB
../Core/Src/main.c:461:90: error: 'RobotState_t' has no member named 'SpeedTargetB'; did you mean 'SpeedTarget'?
  461 |         PidMotorBPidValue = PID_Compute(&PidMotorB, EncoderB.AngularVelocity, RobotState.SpeedTargetB); //obliczam wartość regulatora do uzyskania zadanej prędkości
      |                                                                                          ^~~~~~~~~~~~
      |                                                                                          SpeedTarget
../Core/Src/main.c: In function 'SteeringValueForMotors':
../Core/Src/main.c:504:28: error: 'RobotState_t' has no member named 'SpeedTargetB'; did you mean 'SpeedTarget'?
  504 |                 RobotState.SpeedTargetB = 0.0f;
      |                            ^~~~~~~~~~~~
      |                            SpeedTarget
../Core/Src/main.c:505:28: error: 'RobotState_t' has no member named 'SpeedTargetA'; did you mean 'SpeedTarget'?
  505 |                 RobotState.SpeedTargetA = 0.0f;
      |                            ^~~~~~~~~~~~
      |                            SpeedTarget
../Core/Src/main.c:509:37: error: 'AngleP' undeclared (first use in this function)
  509 |                 PID_Init(&PidAngle, AngleP, AngleI, AngleD, Angle_DT, EncoderMaxValue, EncoderMinValue);
      |                                     ^~~~~~
../Core/Src/main.c:509:45: error: 'AngleI' undeclared (first use in this function)
  509 |                 PID_Init(&PidAngle, AngleP, AngleI, AngleD, Angle_DT, EncoderMaxValue, EncoderMinValue);
      |                                             ^~~~~~
../Core/Src/main.c:509:53: error: 'AngleD' undeclared (first use in this function)
  509 |                 PID_Init(&PidAngle, AngleP, AngleI, AngleD, Angle_DT, EncoderMaxValue, EncoderMinValue);
      |                                                     ^~~~~~
../Core/Src/main.c:509:61: error: 'Angle_DT' undeclared (first use in this function); did you mean 'ANGLE_DT'?
  509 |                 PID_Init(&PidAngle, AngleP, AngleI, AngleD, Angle_DT, EncoderMaxValue, EncoderMinValue);
      |                                                             ^~~~~~~~
      |                                                             ANGLE_DT
../Core/Src/main.c:510:27: error: 'PidMotorA' undeclared (first use in this function); did you mean 'MotorA'?
  510 |                 PID_Init(&PidMotorA, EncoderP, EncoderI, EncoderD, ENCODER_DT, EncoderMaxValue, EncoderMinValue);
      |                           ^~~~~~~~~
      |                           MotorA
../Core/Src/main.c:510:38: error: 'EncoderP' undeclared (first use in this function); did you mean 'EncoderB'?
  510 |                 PID_Init(&PidMotorA, EncoderP, EncoderI, EncoderD, ENCODER_DT, EncoderMaxValue, EncoderMinValue);
      |                                      ^~~~~~~~
      |                                      EncoderB
../Core/Src/main.c:510:48: error: 'EncoderI' undeclared (first use in this function); did you mean 'EncoderB'?
  510 |                 PID_Init(&PidMotorA, EncoderP, EncoderI, EncoderD, ENCODER_DT, EncoderMaxValue, EncoderMinValue);
      |                                                ^~~~~~~~
      |                                                EncoderB
../Core/Src/main.c:510:58: error: 'EncoderD' undeclared (first use in this function); did you mean 'EncoderB'?
  510 |                 PID_Init(&PidMotorA, EncoderP, EncoderI, EncoderD, ENCODER_DT, EncoderMaxValue, EncoderMinValue);
      |                                                          ^~~~~~~~
      |                                                          EncoderB
../Core/Src/main.c:511:27: error: 'PidMotorB' undeclared (first use in this function); did you mean 'MotorB'?
  511 |                 PID_Init(&PidMotorB, EncoderP, EncoderI, EncoderD, ENCODER_DT, EncoderMaxValue, EncoderMinValue);
      |                           ^~~~~~~~~
      |                           MotorB
../Core/Src/main.c:521:20: error: 'RobotState_t' has no member named 'SpeedTargetA'; did you mean 'SpeedTarget'?
  521 |         RobotState.SpeedTargetA = BalanceOutput;
      |                    ^~~~~~~~~~~~
      |                    SpeedTarget
../Core/Src/main.c:522:20: error: 'RobotState_t' has no member named 'SpeedTargetB'; did you mean 'SpeedTarget'?
  522 |         RobotState.SpeedTargetB = BalanceOutput;
      |                    ^~~~~~~~~~~~
      |                    SpeedTarget
make: *** [Core/Src/subdir.mk:58: Core/Src/main.o] Error 1
"make -j12 all" terminated with exit code 2. Build might be incomplete.
14:39:17 **** Incremental Build of configuration Debug for project BallancingRobot_V2 ****
make -j12 all 
arm-none-eabi-size  BallancingRobot_V2.elf 
   text	   data	    bss	    dec	    hex	filename
  47120	    496	   2816	  50432	   c500	BallancingRobot_V2.elf
Finished building: default.size.stdout
 
14:39:18 **** Incremental Build of configuration Debug for project EncoderPins ****
make -j12 all 
arm-none-eabi-size  EncoderPins.elf 
   text	   data	    bss	    dec	    hex	filename
   4748	     12	   1572	   6332	   18bc	EncoderPins.elf
Finished building: default.size.stdout
 
14:39:19 **** Incremental Build of configuration Debug for project MPU6050_Liblary ****
make -j12 all 
arm-none-eabi-size  MPU6050_Liblary.elf 
   text	   data	    bss	    dec	    hex	filename
  45256	    468	   2476	  48200	   bc48	MPU6050_Liblary.elf
Finished building: default.size.stdout
 
14:39:20 **** Incremental Build of configuration Debug for project Servomotor_Test_MPU6050 ****
make -j12 all 
arm-none-eabi-size  Servomotor_Test_MPU6050.elf 
   text	   data	    bss	    dec	    hex	filename
  53400	    468	   2340	  56208	   db90	Servomotor_Test_MPU6050.elf
Finished building: default.size.stdout
 
14:39:21 **** Incremental Build of configuration Debug for project TestingMotorsWithPWM ****
make -j12 all 
arm-none-eabi-size  TestingMotorsWithPWM.elf 
   text	   data	    bss	    dec	    hex	filename
  44520	    496	   2528	  47544	   b9b8	TestingMotorsWithPWM.elf
Finished building: default.size.stdout
 
14:40:16 **** Incremental Build of configuration Debug for project BallancingRobot_V1 ****
make -j12 all 
arm-none-eabi-gcc "../Core/Src/main.c" -mcpu=cortex-m4 -std=gnu11 -g3 -DDEBUG -DUSE_HAL_DRIVER -DSTM32F411xE -c -I../Core/Inc -I../Drivers/STM32F4xx_HAL_Driver/Inc -I../Drivers/STM32F4xx_HAL_Driver/Inc/Legacy -I../Drivers/CMSIS/Device/ST/STM32F4xx/Include -I../Drivers/CMSIS/Include -O0 -ffunction-sections -fdata-sections -Wall -fstack-usage -fcyclomatic-complexity -MMD -MP -MF"Core/Src/main.d" -MT"Core/Src/main.o" --specs=nano.specs -mfpu=fpv4-sp-d16 -mfloat-abi=hard -mthumb -o "Core/Src/main.o"
../Core/Src/main.c: In function 'AngleControl':
../Core/Src/main.c:358:9: warning: implicit declaration of function 'PID_Reset' [-Wimplicit-function-declaration]
  358 |         PID_Reset(&PidAngle);
      |         ^~~~~~~~~
../Core/Src/main.c:381:41: error: 'pid_output' undeclared (first use in this function); did you mean 'PidPwmOutput'?
  381 |     PwmPercent = MapValues(PwmMaxValue, pid_output);
      |                                         ^~~~~~~~~~
      |                                         PidPwmOutput
../Core/Src/main.c:381:41: note: each undeclared identifier is reported only once for each function it appears in
make: *** [Core/Src/subdir.mk:58: Core/Src/main.o] Error 1
"make -j12 all" terminated with exit code 2. Build might be incomplete.
14:40:17 **** Incremental Build of configuration Debug for project BallancingRobot_V2 ****
make -j12 all 
arm-none-eabi-size  BallancingRobot_V2.elf 
   text	   data	    bss	    dec	    hex	filename
  47120	    496	   2816	  50432	   c500	BallancingRobot_V2.elf
Finished building: default.size.stdout
 
14:40:18 **** Incremental Build of configuration Debug for project EncoderPins ****
make -j12 all 
arm-none-eabi-size  EncoderPins.elf 
   text	   data	    bss	    dec	    hex	filename
   4748	     12	   1572	   6332	   18bc	EncoderPins.elf
Finished building: default.size.stdout
 
14:40:19 **** Incremental Build of configuration Debug for project MPU6050_Liblary ****
make -j12 all 
arm-none-eabi-size  MPU6050_Liblary.elf 
   text	   data	    bss	    dec	    hex	filename
  45256	    468	   2476	  48200	   bc48	MPU6050_Liblary.elf
Finished building: default.size.stdout
 
14:40:20 **** Incremental Build of configuration Debug for project Servomotor_Test_MPU6050 ****
make -j12 all 
arm-none-eabi-size  Servomotor_Test_MPU6050.elf 
   text	   data	    bss	    dec	    hex	filename
  53400	    468	   2340	  56208	   db90	Servomotor_Test_MPU6050.elf
Finished building: default.size.stdout
 
14:40:21 **** Incremental Build of configuration Debug for project TestingMotorsWithPWM ****
make -j12 all 
arm-none-eabi-size  TestingMotorsWithPWM.elf 
   text	   data	    bss	    dec	    hex	filename
  44520	    496	   2528	  47544	   b9b8	TestingMotorsWithPWM.elf
Finished building: default.size.stdout
 
14:40:54 **** Incremental Build of configuration Debug for project BallancingRobot_V1 ****
make -j12 all 
arm-none-eabi-gcc "../Core/Src/main.c" -mcpu=cortex-m4 -std=gnu11 -g3 -DDEBUG -DUSE_HAL_DRIVER -DSTM32F411xE -c -I../Core/Inc -I../Drivers/STM32F4xx_HAL_Driver/Inc -I../Drivers/STM32F4xx_HAL_Driver/Inc/Legacy -I../Drivers/CMSIS/Device/ST/STM32F4xx/Include -I../Drivers/CMSIS/Include -O0 -ffunction-sections -fdata-sections -Wall -fstack-usage -fcyclomatic-complexity -MMD -MP -MF"Core/Src/main.d" -MT"Core/Src/main.o" --specs=nano.specs -mfpu=fpv4-sp-d16 -mfloat-abi=hard -mthumb -o "Core/Src/main.o"
../Core/Src/main.c: In function 'AngleControl':
../Core/Src/main.c:350:9: warning: implicit declaration of function 'PID_Reset' [-Wimplicit-function-declaration]
  350 |         PID_Reset(&PidAngle);
      |         ^~~~~~~~~
arm-none-eabi-gcc -o "BallancingRobot_V1.elf" @"objects.list"   -mcpu=cortex-m4 -T"D:\GithubRepo\Inzynierka_pliki\BallancingRobot_V1\STM32F411CEUX_FLASH.ld" --specs=nosys.specs -Wl,-Map="BallancingRobot_V1.map" -Wl,--gc-sections -static --specs=nano.specs -mfpu=fpv4-sp-d16 -mfloat-abi=hard -mthumb -u _printf_float -u _scanf_float -Wl,--start-group -lc -lm -Wl,--end-group
D:\Programy Potrzebne\STM32CubeIDE_Folder\STM32CubeIDE_1.19.0\STM32CubeIDE\plugins\com.st.stm32cube.ide.mcu.externaltools.gnu-tools-for-stm32.13.3.rel1.win32_1.0.0.202411081344\tools\arm-none-eabi\bin\ld.exe: ./Core/Src/main.o: in function `AngleControl':
D:/GithubRepo/Inzynierka_pliki/BallancingRobot_V1/Debug/../Core/Src/main.c:350:(.text.AngleControl+0x40): undefined reference to `PID_Reset'
D:\Programy Potrzebne\STM32CubeIDE_Folder\STM32CubeIDE_1.19.0\STM32CubeIDE\plugins\com.st.stm32cube.ide.mcu.externaltools.gnu-tools-for-stm32.13.3.rel1.win32_1.0.0.202411081344\tools\arm-none-eabi\bin\ld.exe: D:/GithubRepo/Inzynierka_pliki/BallancingRobot_V1/Debug/../Core/Src/main.c:351:(.text.AngleControl+0x46): undefined reference to `PID_Reset'
collect2.exe: error: ld returned 1 exit status
make: *** [makefile:64: BallancingRobot_V1.elf] Error 1
"make -j12 all" terminated with exit code 2. Build might be incomplete.
14:40:56 **** Incremental Build of configuration Debug for project BallancingRobot_V2 ****
make -j12 all 
arm-none-eabi-size  BallancingRobot_V2.elf 
   text	   data	    bss	    dec	    hex	filename
  47120	    496	   2816	  50432	   c500	BallancingRobot_V2.elf
Finished building: default.size.stdout
 
14:40:57 **** Incremental Build of configuration Debug for project EncoderPins ****
make -j12 all 
arm-none-eabi-size  EncoderPins.elf 
   text	   data	    bss	    dec	    hex	filename
   4748	     12	   1572	   6332	   18bc	EncoderPins.elf
Finished building: default.size.stdout
 
14:40:58 **** Incremental Build of configuration Debug for project MPU6050_Liblary ****
make -j12 all 
arm-none-eabi-size  MPU6050_Liblary.elf 
   text	   data	    bss	    dec	    hex	filename
  45256	    468	   2476	  48200	   bc48	MPU6050_Liblary.elf
Finished building: default.size.stdout
 
14:40:59 **** Incremental Build of configuration Debug for project Servomotor_Test_MPU6050 ****
make -j12 all 
arm-none-eabi-size  Servomotor_Test_MPU6050.elf 
   text	   data	    bss	    dec	    hex	filename
  53400	    468	   2340	  56208	   db90	Servomotor_Test_MPU6050.elf
Finished building: default.size.stdout
 
14:41:00 **** Incremental Build of configuration Debug for project TestingMotorsWithPWM ****
make -j12 all 
arm-none-eabi-size  TestingMotorsWithPWM.elf 
   text	   data	    bss	    dec	    hex	filename
  44520	    496	   2528	  47544	   b9b8	TestingMotorsWithPWM.elf
Finished building: default.size.stdout
 
